<?xml version="1.0" encoding="UTF-8"?>
<Site BuildName="(empty)"
	BuildStamp="20250108-1538-Experimental"
	Name="yezhi"
	Generator="ctest-3.16.3"
	CompilerName="/usr/bin/c++"
	CompilerVersion="9.4.0"
	OSName="Linux"
	Hostname="yezhi"
	OSRelease="5.19.17-051917-generic"
	OSVersion="#202210240939 SMP PREEMPT_DYNAMIC Mon Oct 24 09:43:01 UTC 2022"
	OSPlatform="x86_64"
	Is64Bits="1"
	VendorString="GenuineIntel"
	VendorID="Intel Corporation"
	FamilyID="6"
	ModelID="186"
	ProcessorCacheSize="24576"
	NumberOfLogicalCPU="4"
	NumberOfPhysicalCPU="4"
	TotalVirtualMemory="923"
	TotalPhysicalMemory="3888"
	LogicalProcessorsPerPhysical="1"
	ProcessorClockFrequency="2995.21"
	>
	<Testing>
		<StartDateTime>Jan 08 23:38 CST</StartDateTime>
		<StartTestTime>1736350706</StartTestTime>
		<TestList/>
		<EndDateTime>Jan 08 23:38 CST</EndDateTime>
		<EndTestTime>1736350706</EndTestTime>
		<ElapsedMinutes>0</ElapsedMinutes>
	</Testing>
</Site>
