<?xml version="1.0" encoding="UTF-8"?>
<Site BuildName="(empty)"
	BuildStamp="20240821-0658-Experimental"
	Name="yezhi"
	Generator="ctest-3.16.3"
	CompilerName="/usr/bin/c++"
	CompilerVersion="9.4.0"
	OSName="Linux"
	Hostname="yezhi"
	OSRelease="5.15.0-117-generic"
	OSVersion="#127~20.04.1-Ubuntu SMP Thu Jul 11 15:36:12 UTC 2024"
	OSPlatform="x86_64"
	Is64Bits="1"
	VendorString="GenuineIntel"
	VendorID="Intel Corporation"
	FamilyID="6"
	ModelID="186"
	ProcessorCacheSize="24576"
	NumberOfLogicalCPU="4"
	NumberOfPhysicalCPU="4"
	TotalVirtualMemory="923"
	TotalPhysicalMemory="3876"
	LogicalProcessorsPerPhysical="1"
	ProcessorClockFrequency="2995.21"
	>
	<Testing>
		<StartDateTime>Aug 21 14:58 CST</StartDateTime>
		<StartTestTime>1724223521</StartTestTime>
		<TestList/>
		<EndDateTime>Aug 21 14:58 CST</EndDateTime>
		<EndTestTime>1724223521</EndTestTime>
		<ElapsedMinutes>0</ElapsedMinutes>
	</Testing>
</Site>
